<?xml version="1.0" encoding="UTF-8"?>
<!-- Generated by org.testng.reporters.JUnitXMLReporter -->
<testsuite ignored="2" hostname="DESKTOP-CJA0QNI" failures="0" tests="1" name="Default test" time="9.56" errors="0" timestamp="2024-06-14T09:54:00 BST">
  <testcase classname="com.cgi.test.LoginUITest" name="placeholderTest" time="0.367"/>
  <testcase classname="com.cgi.test.LoginUITest" name="titleTest" time="0.0">
    <ignored/>
  </testcase> <!-- titleTest -->
  <testcase classname="com.cgi.test.LoginUITest" name="headerTitle" time="0.0">
    <ignored/>
  </testcase> <!-- headerTitle -->
</testsuite> <!-- Default test -->
