<?xml version="1.0" encoding="UTF-8"?>
<testng-results ignored="0" total="1" passed="1" failed="0" skipped="0">
  <reporter-output>
  </reporter-output>
  <suite started-at="2024-06-14T09:53:50 BST" name="Default suite" finished-at="2024-06-14T09:54:00 BST" duration-ms="9560">
    <groups>
    </groups>
    <test started-at="2024-06-14T09:53:50 BST" name="Default test" finished-at="2024-06-14T09:54:00 BST" duration-ms="9560">
      <class name="com.cgi.test.LoginUITest">
        <test-method is-config="true" signature="setup(java.lang.String)[pri:0, instance:com.cgi.test.LoginUITest@4efac082]" started-at="2024-06-14T09:53:50 BST" name="setup" finished-at="2024-06-14T09:53:59 BST" duration-ms="8904" status="PASS">
          <params>
            <param index="0">
              <value>
                <![CDATA[ch]]>
              </value>
            </param>
          </params>
          <reporter-output>
          </reporter-output>
        </test-method> <!-- setup -->
        <test-method signature="placeholderTest()[pri:0, instance:com.cgi.test.LoginUITest@4efac082]" started-at="2024-06-14T09:53:59 BST" name="placeholderTest" finished-at="2024-06-14T09:54:00 BST" duration-ms="367" status="PASS">
          <reporter-output>
          </reporter-output>
        </test-method> <!-- placeholderTest -->
        <test-method is-config="true" signature="teardown()[pri:0, instance:com.cgi.test.LoginUITest@4efac082]" started-at="2024-06-14T09:54:00 BST" name="teardown" finished-at="2024-06-14T09:54:00 BST" duration-ms="247" status="PASS">
          <reporter-output>
          </reporter-output>
        </test-method> <!-- teardown -->
      </class> <!-- com.cgi.test.LoginUITest -->
    </test> <!-- Default test -->
  </suite> <!-- Default suite -->
</testng-results>
