<?xml version="1.0" encoding="UTF-8"?>
<!-- Generated by org.testng.reporters.JUnitXMLReporter -->
<testsuite ignored="3" hostname="DESKTOP-CJA0QNI" failures="1" tests="3" name="Login Test Edge" time="23.527" errors="0" timestamp="2024-06-13T12:48:01 BST">
  <testcase classname="com.cgi.test.LoginUITest" name="titleTest" time="0.026">
    <failure type="java.lang.AssertionError" message="expected [OrangeHRM2] but found [OrangeHRM]">
      <![CDATA[java.lang.AssertionError: expected [OrangeHRM2] but found [OrangeHRM]
at com.cgi.test.LoginUITest.titleTest(LoginUITest.java:13)
at java.base/java.util.ArrayList.forEach(ArrayList.java:1511)
... Removed 33 stack frames]]>
    </failure>
  </testcase> <!-- titleTest -->
  <testcase classname="com.cgi.test.LoginTest" name="validLoginTest" time="2.251"/>
  <testcase classname="com.cgi.test.LoginTest" name="validLoginTest" time="2.034"/>
  <testcase classname="com.cgi.test.LoginUITest" name="headerTitle" time="0.0">
    <ignored/>
  </testcase> <!-- headerTitle -->
  <testcase classname="com.cgi.test.EmployeeTest" name="addValidEmployeeTest" time="0.0">
    <ignored/>
  </testcase> <!-- addValidEmployeeTest -->
  <testcase classname="com.cgi.test.LoginTest" name="invalidLoginTest" time="0.0">
    <ignored/>
  </testcase> <!-- invalidLoginTest -->
</testsuite> <!-- Login Test Edge -->
