<?xml version="1.0" encoding="UTF-8"?>
<!-- Generated by org.testng.reporters.JUnitXMLReporter -->
<testsuite ignored="1" hostname="DESKTOP-CJA0QNI" failures="1" tests="1" name="Login Test Edge(failed)" time="4.464" errors="0" timestamp="2024-06-13T12:48:48 BST">
  <testcase classname="com.cgi.test.LoginUITest" name="titleTest" time="0.027">
    <failure type="java.lang.AssertionError" message="expected [OrangeHRM2] but found [OrangeHRM]">
      <![CDATA[java.lang.AssertionError: expected [OrangeHRM2] but found [OrangeHRM]
at com.cgi.test.LoginUITest.titleTest(LoginUITest.java:13)
at java.base/java.util.ArrayList.forEach(ArrayList.java:1511)
... Removed 33 stack frames]]>
    </failure>
  </testcase> <!-- titleTest -->
  <testcase classname="com.cgi.test.LoginUITest" name="headerTitle" time="0.0">
    <ignored/>
  </testcase> <!-- headerTitle -->
</testsuite> <!-- Login Test Edge(failed) -->
